Determining if the pthread_create exist failed with the following output:
Change Dir: /home/namntse05438/BTVN_OpenCv/Bai2/nguyen_the_nam_se05438/Q2/build/CMakeFiles/CMakeTmp

Run Build Command:"/usr/bin/make" "cmTC_6fb5f/fast"
/usr/bin/make -f CMakeFiles/cmTC_6fb5f.dir/build.make CMakeFiles/cmTC_6fb5f.dir/build
make[1]: Entering directory '/home/namntse05438/BTVN_OpenCv/Bai2/nguyen_the_nam_se05438/Q2/build/CMakeFiles/CMakeTmp'
Building C object CMakeFiles/cmTC_6fb5f.dir/CheckSymbolExists.c.o
/usr/bin/cc    -fPIC    -o CMakeFiles/cmTC_6fb5f.dir/CheckSymbolExists.c.o   -c /home/namntse05438/BTVN_OpenCv/Bai2/nguyen_the_nam_se05438/Q2/build/CMakeFiles/CMakeTmp/CheckSymbolExists.c
Linking C executable cmTC_6fb5f
/usr/bin/cmake -E cmake_link_script CMakeFiles/cmTC_6fb5f.dir/link.txt --verbose=1
/usr/bin/cc  -fPIC     CMakeFiles/cmTC_6fb5f.dir/CheckSymbolExists.c.o  -o cmTC_6fb5f -rdynamic 
CMakeFiles/cmTC_6fb5f.dir/CheckSymbolExists.c.o: In function `main':
CheckSymbolExists.c:(.text+0x1b): undefined reference to `pthread_create'
collect2: error: ld returned 1 exit status
CMakeFiles/cmTC_6fb5f.dir/build.make:97: recipe for target 'cmTC_6fb5f' failed
make[1]: *** [cmTC_6fb5f] Error 1
make[1]: Leaving directory '/home/namntse05438/BTVN_OpenCv/Bai2/nguyen_the_nam_se05438/Q2/build/CMakeFiles/CMakeTmp'
Makefile:126: recipe for target 'cmTC_6fb5f/fast' failed
make: *** [cmTC_6fb5f/fast] Error 2

File /home/namntse05438/BTVN_OpenCv/Bai2/nguyen_the_nam_se05438/Q2/build/CMakeFiles/CMakeTmp/CheckSymbolExists.c:
/* */
#include <pthread.h>

int main(int argc, char** argv)
{
  (void)argv;
#ifndef pthread_create
  return ((int*)(&pthread_create))[argc];
#else
  (void)argc;
  return 0;
#endif
}

Determining if the function pthread_create exists in the pthreads failed with the following output:
Change Dir: /home/namntse05438/BTVN_OpenCv/Bai2/nguyen_the_nam_se05438/Q2/build/CMakeFiles/CMakeTmp

Run Build Command:"/usr/bin/make" "cmTC_492f7/fast"
/usr/bin/make -f CMakeFiles/cmTC_492f7.dir/build.make CMakeFiles/cmTC_492f7.dir/build
make[1]: Entering directory '/home/namntse05438/BTVN_OpenCv/Bai2/nguyen_the_nam_se05438/Q2/build/CMakeFiles/CMakeTmp'
Building C object CMakeFiles/cmTC_492f7.dir/CheckFunctionExists.c.o
/usr/bin/cc    -fPIC -DCHECK_FUNCTION_EXISTS=pthread_create   -o CMakeFiles/cmTC_492f7.dir/CheckFunctionExists.c.o   -c /usr/share/cmake-3.5/Modules/CheckFunctionExists.c
Linking C executable cmTC_492f7
/usr/bin/cmake -E cmake_link_script CMakeFiles/cmTC_492f7.dir/link.txt --verbose=1
/usr/bin/cc  -fPIC -DCHECK_FUNCTION_EXISTS=pthread_create    CMakeFiles/cmTC_492f7.dir/CheckFunctionExists.c.o  -o cmTC_492f7 -rdynamic -lpthreads 
/usr/bin/ld: cannot find -lpthreads
collect2: error: ld returned 1 exit status
CMakeFiles/cmTC_492f7.dir/build.make:97: recipe for target 'cmTC_492f7' failed
make[1]: *** [cmTC_492f7] Error 1
make[1]: Leaving directory '/home/namntse05438/BTVN_OpenCv/Bai2/nguyen_the_nam_se05438/Q2/build/CMakeFiles/CMakeTmp'
Makefile:126: recipe for target 'cmTC_492f7/fast' failed
make: *** [cmTC_492f7/fast] Error 2


