Determining if the pthread_create exist failed with the following output:
Change Dir: /home/namntse05438/BTVN_OpenCv/Bai2/nguyen_the_nam_se05438/Q3/build/CMakeFiles/CMakeTmp

Run Build Command:"/usr/bin/make" "cmTC_b9f0b/fast"
/usr/bin/make -f CMakeFiles/cmTC_b9f0b.dir/build.make CMakeFiles/cmTC_b9f0b.dir/build
make[1]: Entering directory '/home/namntse05438/BTVN_OpenCv/Bai2/nguyen_the_nam_se05438/Q3/build/CMakeFiles/CMakeTmp'
Building C object CMakeFiles/cmTC_b9f0b.dir/CheckSymbolExists.c.o
/usr/bin/cc    -fPIC    -o CMakeFiles/cmTC_b9f0b.dir/CheckSymbolExists.c.o   -c /home/namntse05438/BTVN_OpenCv/Bai2/nguyen_the_nam_se05438/Q3/build/CMakeFiles/CMakeTmp/CheckSymbolExists.c
Linking C executable cmTC_b9f0b
/usr/bin/cmake -E cmake_link_script CMakeFiles/cmTC_b9f0b.dir/link.txt --verbose=1
/usr/bin/cc  -fPIC     CMakeFiles/cmTC_b9f0b.dir/CheckSymbolExists.c.o  -o cmTC_b9f0b -rdynamic 
CMakeFiles/cmTC_b9f0b.dir/CheckSymbolExists.c.o: In function `main':
CheckSymbolExists.c:(.text+0x1b): undefined reference to `pthread_create'
collect2: error: ld returned 1 exit status
CMakeFiles/cmTC_b9f0b.dir/build.make:97: recipe for target 'cmTC_b9f0b' failed
make[1]: *** [cmTC_b9f0b] Error 1
make[1]: Leaving directory '/home/namntse05438/BTVN_OpenCv/Bai2/nguyen_the_nam_se05438/Q3/build/CMakeFiles/CMakeTmp'
Makefile:126: recipe for target 'cmTC_b9f0b/fast' failed
make: *** [cmTC_b9f0b/fast] Error 2

File /home/namntse05438/BTVN_OpenCv/Bai2/nguyen_the_nam_se05438/Q3/build/CMakeFiles/CMakeTmp/CheckSymbolExists.c:
/* */
#include <pthread.h>

int main(int argc, char** argv)
{
  (void)argv;
#ifndef pthread_create
  return ((int*)(&pthread_create))[argc];
#else
  (void)argc;
  return 0;
#endif
}

Determining if the function pthread_create exists in the pthreads failed with the following output:
Change Dir: /home/namntse05438/BTVN_OpenCv/Bai2/nguyen_the_nam_se05438/Q3/build/CMakeFiles/CMakeTmp

Run Build Command:"/usr/bin/make" "cmTC_1cb21/fast"
/usr/bin/make -f CMakeFiles/cmTC_1cb21.dir/build.make CMakeFiles/cmTC_1cb21.dir/build
make[1]: Entering directory '/home/namntse05438/BTVN_OpenCv/Bai2/nguyen_the_nam_se05438/Q3/build/CMakeFiles/CMakeTmp'
Building C object CMakeFiles/cmTC_1cb21.dir/CheckFunctionExists.c.o
/usr/bin/cc    -fPIC -DCHECK_FUNCTION_EXISTS=pthread_create   -o CMakeFiles/cmTC_1cb21.dir/CheckFunctionExists.c.o   -c /usr/share/cmake-3.5/Modules/CheckFunctionExists.c
Linking C executable cmTC_1cb21
/usr/bin/cmake -E cmake_link_script CMakeFiles/cmTC_1cb21.dir/link.txt --verbose=1
/usr/bin/cc  -fPIC -DCHECK_FUNCTION_EXISTS=pthread_create    CMakeFiles/cmTC_1cb21.dir/CheckFunctionExists.c.o  -o cmTC_1cb21 -rdynamic -lpthreads 
/usr/bin/ld: cannot find -lpthreads
collect2: error: ld returned 1 exit status
CMakeFiles/cmTC_1cb21.dir/build.make:97: recipe for target 'cmTC_1cb21' failed
make[1]: *** [cmTC_1cb21] Error 1
make[1]: Leaving directory '/home/namntse05438/BTVN_OpenCv/Bai2/nguyen_the_nam_se05438/Q3/build/CMakeFiles/CMakeTmp'
Makefile:126: recipe for target 'cmTC_1cb21/fast' failed
make: *** [cmTC_1cb21/fast] Error 2


