Determining if the pthread_create exist failed with the following output:
Change Dir: /home/namntse05438/BTVN_OpenCv/Bai3/Solution_HW3/Q2/build/CMakeFiles/CMakeTmp

Run Build Command:"/usr/bin/make" "cmTC_1405f/fast"
/usr/bin/make -f CMakeFiles/cmTC_1405f.dir/build.make CMakeFiles/cmTC_1405f.dir/build
make[1]: Entering directory '/home/namntse05438/BTVN_OpenCv/Bai3/Solution_HW3/Q2/build/CMakeFiles/CMakeTmp'
Building C object CMakeFiles/cmTC_1405f.dir/CheckSymbolExists.c.o
/usr/bin/cc    -fPIC    -o CMakeFiles/cmTC_1405f.dir/CheckSymbolExists.c.o   -c /home/namntse05438/BTVN_OpenCv/Bai3/Solution_HW3/Q2/build/CMakeFiles/CMakeTmp/CheckSymbolExists.c
Linking C executable cmTC_1405f
/usr/bin/cmake -E cmake_link_script CMakeFiles/cmTC_1405f.dir/link.txt --verbose=1
/usr/bin/cc  -fPIC     CMakeFiles/cmTC_1405f.dir/CheckSymbolExists.c.o  -o cmTC_1405f -rdynamic 
CMakeFiles/cmTC_1405f.dir/CheckSymbolExists.c.o: In function `main':
CheckSymbolExists.c:(.text+0x1b): undefined reference to `pthread_create'
collect2: error: ld returned 1 exit status
CMakeFiles/cmTC_1405f.dir/build.make:97: recipe for target 'cmTC_1405f' failed
make[1]: *** [cmTC_1405f] Error 1
make[1]: Leaving directory '/home/namntse05438/BTVN_OpenCv/Bai3/Solution_HW3/Q2/build/CMakeFiles/CMakeTmp'
Makefile:126: recipe for target 'cmTC_1405f/fast' failed
make: *** [cmTC_1405f/fast] Error 2

File /home/namntse05438/BTVN_OpenCv/Bai3/Solution_HW3/Q2/build/CMakeFiles/CMakeTmp/CheckSymbolExists.c:
/* */
#include <pthread.h>

int main(int argc, char** argv)
{
  (void)argv;
#ifndef pthread_create
  return ((int*)(&pthread_create))[argc];
#else
  (void)argc;
  return 0;
#endif
}

Determining if the function pthread_create exists in the pthreads failed with the following output:
Change Dir: /home/namntse05438/BTVN_OpenCv/Bai3/Solution_HW3/Q2/build/CMakeFiles/CMakeTmp

Run Build Command:"/usr/bin/make" "cmTC_efa6f/fast"
/usr/bin/make -f CMakeFiles/cmTC_efa6f.dir/build.make CMakeFiles/cmTC_efa6f.dir/build
make[1]: Entering directory '/home/namntse05438/BTVN_OpenCv/Bai3/Solution_HW3/Q2/build/CMakeFiles/CMakeTmp'
Building C object CMakeFiles/cmTC_efa6f.dir/CheckFunctionExists.c.o
/usr/bin/cc    -fPIC -DCHECK_FUNCTION_EXISTS=pthread_create   -o CMakeFiles/cmTC_efa6f.dir/CheckFunctionExists.c.o   -c /usr/share/cmake-3.5/Modules/CheckFunctionExists.c
Linking C executable cmTC_efa6f
/usr/bin/cmake -E cmake_link_script CMakeFiles/cmTC_efa6f.dir/link.txt --verbose=1
/usr/bin/cc  -fPIC -DCHECK_FUNCTION_EXISTS=pthread_create    CMakeFiles/cmTC_efa6f.dir/CheckFunctionExists.c.o  -o cmTC_efa6f -rdynamic -lpthreads 
/usr/bin/ld: cannot find -lpthreads
collect2: error: ld returned 1 exit status
CMakeFiles/cmTC_efa6f.dir/build.make:97: recipe for target 'cmTC_efa6f' failed
make[1]: *** [cmTC_efa6f] Error 1
make[1]: Leaving directory '/home/namntse05438/BTVN_OpenCv/Bai3/Solution_HW3/Q2/build/CMakeFiles/CMakeTmp'
Makefile:126: recipe for target 'cmTC_efa6f/fast' failed
make: *** [cmTC_efa6f/fast] Error 2


