Determining if the pthread_create exist failed with the following output:
Change Dir: /home/namntse05438/SignalClassify_Tool/build/CMakeFiles/CMakeTmp

Run Build Command:"/usr/bin/make" "cmTC_20fed/fast"
/usr/bin/make -f CMakeFiles/cmTC_20fed.dir/build.make CMakeFiles/cmTC_20fed.dir/build
make[1]: Entering directory '/home/namntse05438/SignalClassify_Tool/build/CMakeFiles/CMakeTmp'
Building C object CMakeFiles/cmTC_20fed.dir/CheckSymbolExists.c.o
/usr/bin/cc    -fPIC    -o CMakeFiles/cmTC_20fed.dir/CheckSymbolExists.c.o   -c /home/namntse05438/SignalClassify_Tool/build/CMakeFiles/CMakeTmp/CheckSymbolExists.c
Linking C executable cmTC_20fed
/usr/bin/cmake -E cmake_link_script CMakeFiles/cmTC_20fed.dir/link.txt --verbose=1
/usr/bin/cc  -fPIC     CMakeFiles/cmTC_20fed.dir/CheckSymbolExists.c.o  -o cmTC_20fed -rdynamic 
CMakeFiles/cmTC_20fed.dir/CheckSymbolExists.c.o: In function `main':
CheckSymbolExists.c:(.text+0x1b): undefined reference to `pthread_create'
collect2: error: ld returned 1 exit status
CMakeFiles/cmTC_20fed.dir/build.make:97: recipe for target 'cmTC_20fed' failed
make[1]: *** [cmTC_20fed] Error 1
make[1]: Leaving directory '/home/namntse05438/SignalClassify_Tool/build/CMakeFiles/CMakeTmp'
Makefile:126: recipe for target 'cmTC_20fed/fast' failed
make: *** [cmTC_20fed/fast] Error 2

File /home/namntse05438/SignalClassify_Tool/build/CMakeFiles/CMakeTmp/CheckSymbolExists.c:
/* */
#include <pthread.h>

int main(int argc, char** argv)
{
  (void)argv;
#ifndef pthread_create
  return ((int*)(&pthread_create))[argc];
#else
  (void)argc;
  return 0;
#endif
}

Determining if the function pthread_create exists in the pthreads failed with the following output:
Change Dir: /home/namntse05438/SignalClassify_Tool/build/CMakeFiles/CMakeTmp

Run Build Command:"/usr/bin/make" "cmTC_35e1e/fast"
/usr/bin/make -f CMakeFiles/cmTC_35e1e.dir/build.make CMakeFiles/cmTC_35e1e.dir/build
make[1]: Entering directory '/home/namntse05438/SignalClassify_Tool/build/CMakeFiles/CMakeTmp'
Building C object CMakeFiles/cmTC_35e1e.dir/CheckFunctionExists.c.o
/usr/bin/cc    -fPIC -DCHECK_FUNCTION_EXISTS=pthread_create   -o CMakeFiles/cmTC_35e1e.dir/CheckFunctionExists.c.o   -c /usr/share/cmake-3.5/Modules/CheckFunctionExists.c
Linking C executable cmTC_35e1e
/usr/bin/cmake -E cmake_link_script CMakeFiles/cmTC_35e1e.dir/link.txt --verbose=1
/usr/bin/cc  -fPIC -DCHECK_FUNCTION_EXISTS=pthread_create    CMakeFiles/cmTC_35e1e.dir/CheckFunctionExists.c.o  -o cmTC_35e1e -rdynamic -lpthreads 
/usr/bin/ld: cannot find -lpthreads
collect2: error: ld returned 1 exit status
CMakeFiles/cmTC_35e1e.dir/build.make:97: recipe for target 'cmTC_35e1e' failed
make[1]: *** [cmTC_35e1e] Error 1
make[1]: Leaving directory '/home/namntse05438/SignalClassify_Tool/build/CMakeFiles/CMakeTmp'
Makefile:126: recipe for target 'cmTC_35e1e/fast' failed
make: *** [cmTC_35e1e/fast] Error 2


