Determining if the pthread_create exist failed with the following output:
Change Dir: /home/namntse05438/Desktop/nguyen_the_nam_se05438/Q1/build/CMakeFiles/CMakeTmp

Run Build Command:"/usr/bin/make" "cmTC_c7b64/fast"
/usr/bin/make -f CMakeFiles/cmTC_c7b64.dir/build.make CMakeFiles/cmTC_c7b64.dir/build
make[1]: Entering directory '/home/namntse05438/Desktop/nguyen_the_nam_se05438/Q1/build/CMakeFiles/CMakeTmp'
Building C object CMakeFiles/cmTC_c7b64.dir/CheckSymbolExists.c.o
/usr/bin/cc    -fPIC    -o CMakeFiles/cmTC_c7b64.dir/CheckSymbolExists.c.o   -c /home/namntse05438/Desktop/nguyen_the_nam_se05438/Q1/build/CMakeFiles/CMakeTmp/CheckSymbolExists.c
Linking C executable cmTC_c7b64
/usr/bin/cmake -E cmake_link_script CMakeFiles/cmTC_c7b64.dir/link.txt --verbose=1
/usr/bin/cc  -fPIC     CMakeFiles/cmTC_c7b64.dir/CheckSymbolExists.c.o  -o cmTC_c7b64 -rdynamic 
CMakeFiles/cmTC_c7b64.dir/CheckSymbolExists.c.o: In function `main':
CheckSymbolExists.c:(.text+0x1b): undefined reference to `pthread_create'
collect2: error: ld returned 1 exit status
CMakeFiles/cmTC_c7b64.dir/build.make:97: recipe for target 'cmTC_c7b64' failed
make[1]: *** [cmTC_c7b64] Error 1
make[1]: Leaving directory '/home/namntse05438/Desktop/nguyen_the_nam_se05438/Q1/build/CMakeFiles/CMakeTmp'
Makefile:126: recipe for target 'cmTC_c7b64/fast' failed
make: *** [cmTC_c7b64/fast] Error 2

File /home/namntse05438/Desktop/nguyen_the_nam_se05438/Q1/build/CMakeFiles/CMakeTmp/CheckSymbolExists.c:
/* */
#include <pthread.h>

int main(int argc, char** argv)
{
  (void)argv;
#ifndef pthread_create
  return ((int*)(&pthread_create))[argc];
#else
  (void)argc;
  return 0;
#endif
}

Determining if the function pthread_create exists in the pthreads failed with the following output:
Change Dir: /home/namntse05438/Desktop/nguyen_the_nam_se05438/Q1/build/CMakeFiles/CMakeTmp

Run Build Command:"/usr/bin/make" "cmTC_bd715/fast"
/usr/bin/make -f CMakeFiles/cmTC_bd715.dir/build.make CMakeFiles/cmTC_bd715.dir/build
make[1]: Entering directory '/home/namntse05438/Desktop/nguyen_the_nam_se05438/Q1/build/CMakeFiles/CMakeTmp'
Building C object CMakeFiles/cmTC_bd715.dir/CheckFunctionExists.c.o
/usr/bin/cc    -fPIC -DCHECK_FUNCTION_EXISTS=pthread_create   -o CMakeFiles/cmTC_bd715.dir/CheckFunctionExists.c.o   -c /usr/share/cmake-3.5/Modules/CheckFunctionExists.c
Linking C executable cmTC_bd715
/usr/bin/cmake -E cmake_link_script CMakeFiles/cmTC_bd715.dir/link.txt --verbose=1
/usr/bin/cc  -fPIC -DCHECK_FUNCTION_EXISTS=pthread_create    CMakeFiles/cmTC_bd715.dir/CheckFunctionExists.c.o  -o cmTC_bd715 -rdynamic -lpthreads 
/usr/bin/ld: cannot find -lpthreads
collect2: error: ld returned 1 exit status
CMakeFiles/cmTC_bd715.dir/build.make:97: recipe for target 'cmTC_bd715' failed
make[1]: *** [cmTC_bd715] Error 1
make[1]: Leaving directory '/home/namntse05438/Desktop/nguyen_the_nam_se05438/Q1/build/CMakeFiles/CMakeTmp'
Makefile:126: recipe for target 'cmTC_bd715/fast' failed
make: *** [cmTC_bd715/fast] Error 2


