Determining if the pthread_create exist failed with the following output:
Change Dir: /home/namntse05438/BTVN_OpenCv/Bai3/Solution_HW3/Q1/build/CMakeFiles/CMakeTmp

Run Build Command:"/usr/bin/make" "cmTC_18554/fast"
/usr/bin/make -f CMakeFiles/cmTC_18554.dir/build.make CMakeFiles/cmTC_18554.dir/build
make[1]: Entering directory '/home/namntse05438/BTVN_OpenCv/Bai3/Solution_HW3/Q1/build/CMakeFiles/CMakeTmp'
Building C object CMakeFiles/cmTC_18554.dir/CheckSymbolExists.c.o
/usr/bin/cc    -fPIC    -o CMakeFiles/cmTC_18554.dir/CheckSymbolExists.c.o   -c /home/namntse05438/BTVN_OpenCv/Bai3/Solution_HW3/Q1/build/CMakeFiles/CMakeTmp/CheckSymbolExists.c
Linking C executable cmTC_18554
/usr/bin/cmake -E cmake_link_script CMakeFiles/cmTC_18554.dir/link.txt --verbose=1
/usr/bin/cc  -fPIC     CMakeFiles/cmTC_18554.dir/CheckSymbolExists.c.o  -o cmTC_18554 -rdynamic 
CMakeFiles/cmTC_18554.dir/CheckSymbolExists.c.o: In function `main':
CheckSymbolExists.c:(.text+0x1b): undefined reference to `pthread_create'
collect2: error: ld returned 1 exit status
CMakeFiles/cmTC_18554.dir/build.make:97: recipe for target 'cmTC_18554' failed
make[1]: *** [cmTC_18554] Error 1
make[1]: Leaving directory '/home/namntse05438/BTVN_OpenCv/Bai3/Solution_HW3/Q1/build/CMakeFiles/CMakeTmp'
Makefile:126: recipe for target 'cmTC_18554/fast' failed
make: *** [cmTC_18554/fast] Error 2

File /home/namntse05438/BTVN_OpenCv/Bai3/Solution_HW3/Q1/build/CMakeFiles/CMakeTmp/CheckSymbolExists.c:
/* */
#include <pthread.h>

int main(int argc, char** argv)
{
  (void)argv;
#ifndef pthread_create
  return ((int*)(&pthread_create))[argc];
#else
  (void)argc;
  return 0;
#endif
}

Determining if the function pthread_create exists in the pthreads failed with the following output:
Change Dir: /home/namntse05438/BTVN_OpenCv/Bai3/Solution_HW3/Q1/build/CMakeFiles/CMakeTmp

Run Build Command:"/usr/bin/make" "cmTC_c94d8/fast"
/usr/bin/make -f CMakeFiles/cmTC_c94d8.dir/build.make CMakeFiles/cmTC_c94d8.dir/build
make[1]: Entering directory '/home/namntse05438/BTVN_OpenCv/Bai3/Solution_HW3/Q1/build/CMakeFiles/CMakeTmp'
Building C object CMakeFiles/cmTC_c94d8.dir/CheckFunctionExists.c.o
/usr/bin/cc    -fPIC -DCHECK_FUNCTION_EXISTS=pthread_create   -o CMakeFiles/cmTC_c94d8.dir/CheckFunctionExists.c.o   -c /usr/share/cmake-3.5/Modules/CheckFunctionExists.c
Linking C executable cmTC_c94d8
/usr/bin/cmake -E cmake_link_script CMakeFiles/cmTC_c94d8.dir/link.txt --verbose=1
/usr/bin/cc  -fPIC -DCHECK_FUNCTION_EXISTS=pthread_create    CMakeFiles/cmTC_c94d8.dir/CheckFunctionExists.c.o  -o cmTC_c94d8 -rdynamic -lpthreads 
/usr/bin/ld: cannot find -lpthreads
collect2: error: ld returned 1 exit status
CMakeFiles/cmTC_c94d8.dir/build.make:97: recipe for target 'cmTC_c94d8' failed
make[1]: *** [cmTC_c94d8] Error 1
make[1]: Leaving directory '/home/namntse05438/BTVN_OpenCv/Bai3/Solution_HW3/Q1/build/CMakeFiles/CMakeTmp'
Makefile:126: recipe for target 'cmTC_c94d8/fast' failed
make: *** [cmTC_c94d8/fast] Error 2


